15:52:59.559 [main] INFO  com.solvd.itcompany.Main - Starting program
15:52:59.562 [main] INFO  com.solvd.itcompany.company.ITCompany - Creating IT Company Solvd.
15:52:59.563 [main] INFO  com.solvd.itcompany.company.ITCompany - Hiring worker with id 1.
15:52:59.563 [main] INFO  com.solvd.itcompany.company.ITCompany - Hiring worker with id 2.
15:52:59.563 [main] INFO  com.solvd.itcompany.company.ITCompany - Hiring worker with id 3.
15:52:59.563 [main] INFO  com.solvd.itcompany.company.ITCompany - Hiring worker with id 4.
15:52:59.563 [main] INFO  com.solvd.itcompany.company.ITCompany - Hiring worker with id 6.
15:52:59.563 [main] INFO  com.solvd.itcompany.company.ITCompany - Hiring worker with id 5.
15:52:59.563 [main] INFO  com.solvd.itcompany.Main - Logging Website example
15:52:59.563 [main] INFO  com.solvd.itcompany.company.ITCompany - Getting requirements for Website.
15:52:59.563 [main] INFO  com.solvd.itcompany.Main - Requirements to build a Website: name, domain and expected number of users.
15:52:59.564 [main] INFO  com.solvd.itcompany.company.ITCompany - Getting quotation for Website.
15:52:59.564 [main] INFO  com.solvd.itcompany.company.ITCompany - Creating team with 4 developers.
15:52:59.565 [main] INFO  com.solvd.itcompany.Main - Quotation for this project:
Total: $17500
- Application price: $10000
- Workers Salaries: $7500
15:52:59.565 [main] INFO  com.solvd.itcompany.Main - Logging MobileApp example
15:52:59.565 [main] INFO  com.solvd.itcompany.company.ITCompany - Getting requirements for MobileApp.
15:52:59.565 [main] INFO  com.solvd.itcompany.Main - Requirements to build a MobileApp: name, operating systems to be supported and expected number of users.
15:52:59.565 [main] INFO  com.solvd.itcompany.company.ITCompany - Getting quotation for MobileApp.
15:52:59.565 [main] INFO  com.solvd.itcompany.company.ITCompany - Creating team with 2 developers.
15:52:59.565 [main] INFO  com.solvd.itcompany.Main - Quotation for this project:
Total: $13000
- Application price: $7500
- Workers Salaries: $5500
15:52:59.566 [main] INFO  com.solvd.itcompany.Main - Logging DesktopApp example
15:52:59.566 [main] INFO  com.solvd.itcompany.company.ITCompany - Getting requirements for DesktopApp.
15:52:59.566 [main] INFO  com.solvd.itcompany.Main - Requirements to build a DesktopApp: name and platforms to be supported.
15:52:59.566 [main] INFO  com.solvd.itcompany.company.ITCompany - Getting quotation for DesktopApp.
15:52:59.566 [main] INFO  com.solvd.itcompany.company.ITCompany - Creating team with 1 developer.
15:52:59.566 [main] INFO  com.solvd.itcompany.Main - Quotation for this project:
Total: $9500
- Application price: $5000
- Workers Salaries: $4500
15:52:59.568 [main] INFO  com.solvd.itcompany.Main - Reading customer data.
15:53:05.456 [main] INFO  com.solvd.itcompany.company.ITCompany - Creating new DesktopApp project for Tim null.
15:53:05.456 [main] INFO  com.solvd.itcompany.company.ITCompany - Getting quotation for DesktopApp.
15:53:05.456 [main] INFO  com.solvd.itcompany.company.ITCompany - Creating team with 1 developer.
15:53:05.457 [main] INFO  com.solvd.itcompany.company.ITCompany - Creating team with 1 developer.
15:53:05.458 [main] INFO  com.solvd.itcompany.company.ITCompany - Finish project Firefox for Tim null.
15:53:05.458 [main] ERROR com.solvd.itcompany.company.ITCompany - This project has not started yet.
15:53:05.458 [main] INFO  com.solvd.itcompany.company.ITCompany - Start project Firefox for Tim null.
15:53:05.458 [main] INFO  com.solvd.itcompany.Main - Firefox project example:
Project to build a DesktopApp for Tim null
Details:
- Application type: DesktopApp
- Name: Firefox
- Platforms: linux
