04:21:46.247 [main] INFO  com.solvd.itcompany.Main - Starting program
04:21:46.250 [main] INFO  com.solvd.itcompany.company.ITCompany - Creating IT Company Solvd.
04:21:46.251 [main] INFO  com.solvd.itcompany.company.ITCompany - Hiring worker with id 1.
04:21:46.251 [main] INFO  com.solvd.itcompany.company.ITCompany - Hiring worker with id 2.
04:21:46.251 [main] INFO  com.solvd.itcompany.company.ITCompany - Hiring worker with id 3.
04:21:46.251 [main] INFO  com.solvd.itcompany.company.ITCompany - Hiring worker with id 4.
04:21:46.251 [main] INFO  com.solvd.itcompany.company.ITCompany - Hiring worker with id 6.
04:21:46.251 [main] INFO  com.solvd.itcompany.company.ITCompany - Hiring worker with id 5.
04:21:46.251 [main] INFO  com.solvd.itcompany.Main - Logging Website example
04:21:46.252 [main] INFO  com.solvd.itcompany.company.ITCompany - Getting requirements for Website.
04:21:46.252 [main] INFO  com.solvd.itcompany.Main - Requirements to build a Website: name, domain and expected number of users.
04:21:46.252 [main] INFO  com.solvd.itcompany.company.ITCompany - Getting quotation for Website.
04:21:46.252 [main] INFO  com.solvd.itcompany.company.ITCompany - Creating team with 4 developers.
04:21:46.253 [main] INFO  com.solvd.itcompany.Main - Quotation for this project:
Total: $17500
- Application price: $10000
- Workers Salaries: $7500
04:21:46.253 [main] INFO  com.solvd.itcompany.Main - Logging MobileApp example
04:21:46.253 [main] INFO  com.solvd.itcompany.company.ITCompany - Getting requirements for MobileApp.
04:21:46.253 [main] INFO  com.solvd.itcompany.Main - Requirements to build a MobileApp: name, operating systems to be supported and expected number of users.
04:21:46.253 [main] INFO  com.solvd.itcompany.company.ITCompany - Getting quotation for MobileApp.
04:21:46.254 [main] INFO  com.solvd.itcompany.company.ITCompany - Creating team with 2 developers.
04:21:46.254 [main] INFO  com.solvd.itcompany.Main - Quotation for this project:
Total: $13000
- Application price: $7500
- Workers Salaries: $5500
04:21:46.254 [main] INFO  com.solvd.itcompany.Main - Logging DesktopApp example
04:21:46.254 [main] INFO  com.solvd.itcompany.company.ITCompany - Getting requirements for DesktopApp.
04:21:46.254 [main] INFO  com.solvd.itcompany.Main - Requirements to build a DesktopApp: name and platforms to be supported.
04:21:46.254 [main] INFO  com.solvd.itcompany.company.ITCompany - Getting quotation for DesktopApp.
04:21:46.254 [main] INFO  com.solvd.itcompany.company.ITCompany - Creating team with 1 developer.
04:21:46.254 [main] INFO  com.solvd.itcompany.Main - Quotation for this project:
Total: $9500
- Application price: $5000
- Workers Salaries: $4500
04:21:46.256 [main] INFO  com.solvd.itcompany.Main - Reading customer data.
04:21:53.329 [main] INFO  com.solvd.itcompany.company.ITCompany - Creating new DesktopApp project for Tim null.
04:21:53.329 [main] INFO  com.solvd.itcompany.company.ITCompany - Getting quotation for DesktopApp.
04:21:53.329 [main] INFO  com.solvd.itcompany.company.ITCompany - Creating team with 1 developer.
04:21:53.330 [main] INFO  com.solvd.itcompany.company.ITCompany - Creating team with 1 developer.
04:21:53.330 [main] INFO  com.solvd.itcompany.company.ITCompany - Finish project Firefox for Tim null.
04:21:53.330 [main] ERROR com.solvd.itcompany.company.ITCompany - This project has not started yet.
04:21:53.330 [main] INFO  com.solvd.itcompany.company.ITCompany - Start project Firefox for Tim null.
04:21:53.330 [main] INFO  com.solvd.itcompany.Main - Firefox project example:
Project to build a DesktopApp for Tim null
Details:
- Application type: DesktopApp
- Name: Firefox
- Platforms: linux
